Traceback (most recent call last):
  File "C:\Users\deanv\anaconda3_2023\envs\jupyterbook\Lib\site-packages\jupyter_cache\executors\utils.py", line 58, in single_nb_execution
    executenb(
  File "C:\Users\deanv\anaconda3_2023\envs\jupyterbook\Lib\site-packages\nbclient\client.py", line 1305, in execute
    return NotebookClient(nb=nb, resources=resources, km=km, **kwargs).execute()
           ^^^^^^^^^^^^^^^^^^^^^^^^^^^^^^^^^^^^^^^^^^^^^^^^^^^^^^^^^^^^^^^^^^^^^
  File "C:\Users\deanv\AppData\Roaming\Python\Python311\site-packages\jupyter_core\utils\__init__.py", line 166, in wrapped
    return loop.run_until_complete(inner)
           ^^^^^^^^^^^^^^^^^^^^^^^^^^^^^^
  File "C:\Users\deanv\anaconda3_2023\envs\jupyterbook\Lib\asyncio\base_events.py", line 653, in run_until_complete
    return future.result()
           ^^^^^^^^^^^^^^^
  File "C:\Users\deanv\anaconda3_2023\envs\jupyterbook\Lib\site-packages\nbclient\client.py", line 705, in async_execute
    await self.async_execute_cell(
  File "C:\Users\deanv\anaconda3_2023\envs\jupyterbook\Lib\site-packages\nbclient\client.py", line 1058, in async_execute_cell
    await self._check_raise_for_error(cell, cell_index, exec_reply)
  File "C:\Users\deanv\anaconda3_2023\envs\jupyterbook\Lib\site-packages\nbclient\client.py", line 914, in _check_raise_for_error
    raise CellExecutionError.from_cell_and_msg(cell, exec_reply_content)
nbclient.exceptions.CellExecutionError: An error occurred while executing the following cell:
------------------
import ipywidgets as widgets
from ipywidgets import interact
# # relevante variabelen
# variabelen = ['Goal Scored', 'Ball Possession %', 'Attempts']
# scatter_df = wk_df[variabelen]

# # scatterplot matrix
# fig = go.Figure(data = go.Splom(
#                 dimensions = [dict(label = var, values = scatter_df[var]) for var in variabelen],
#                 diagonal = dict(visible = False),
#                 showupperhalf = False,
#                 marker =  dict(color = wk_df['Goal Scored'], colorscale = 'Viridis', size = 6,
#                 colorbar = dict(title = 'Aantal Doelpunten'))))

# # titel en andere opmaak toevoegen
# fig.update_layout(
#     title = 'Figuur 7: Correlatie Scatterplot',
#     height= 900,
#     width = 900)

# # scatterplot weergeven
# fig.show()

# relevante variabelen
variabelen = ['Goal Scored', 'Ball Possession %', 'Attempts']
scatter_df = wk_df[variabelen]

# functie maken voor scatterplot -> 
def scatterplot(Scatterplot):
    fig = go.Figure(data = go.Scatter(
        x = scatter_df['Goal Scored'],
        y = scatter_df[Scatterplot],
        mode = 'markers',
        marker = dict(
            size = 7,
            color = scatter_df[Scatterplot],
            colorscale = 'Viridis',
            # juiste titel bij de kleurindex (Scatterplot)
            colorbar = dict(title = Scatterplot))))

    # titel en opmaak
    fig.update_layout(
        title = f'Figuur 11: Correlatie Scatterplot: Goal Scored vs {Scatterplot}',
        xaxis_title = 'Goal Scored',
        yaxis_title = Scatterplot)
    # plotten
    fig.show()

# interactieve plot, je kan kiezen tussen de variabelen
interact(scatterplot, Scatterplot = widgets.Dropdown(options = variabelen, value = 'Goal Scored'))
------------------


[1;31m---------------------------------------------------------------------------[0m
[1;31mModuleNotFoundError[0m                       Traceback (most recent call last)
Cell [1;32mIn[12], line 1[0m
[1;32m----> 1[0m [38;5;28;01mimport[39;00m [38;5;21;01mipywidgets[39;00m [38;5;28;01mas[39;00m [38;5;21;01mwidgets[39;00m
[0;32m      2[0m [38;5;28;01mfrom[39;00m [38;5;21;01mipywidgets[39;00m [38;5;28;01mimport[39;00m interact
[0;32m      3[0m [38;5;66;03m# # relevante variabelen[39;00m
[0;32m      4[0m [38;5;66;03m# variabelen = ['Goal Scored', 'Ball Possession %', 'Attempts'][39;00m
[0;32m      5[0m [38;5;66;03m# scatter_df = wk_df[variabelen][39;00m
[1;32m   (...)[0m
[0;32m     23[0m 
[0;32m     24[0m [38;5;66;03m# relevante variabelen[39;00m

[1;31mModuleNotFoundError[0m: No module named 'ipywidgets'

